<?xml version="1.0" encoding="UTF-8"?>
<!-- Generated by org.testng.reporters.JUnitReportReporter -->
<testsuite skipped="0" hostname="MUGIL" name="org.pack2.Sample" tests="1" failures="0" timestamp="29 Apr 2021 13:47:49 GMT" time="0.000" errors="0">
  <testcase name="tc0" time="0.000" classname="org.pack2.Sample"/>
</testsuite> <!-- org.pack2.Sample -->
