<?xml version="1.0" encoding="UTF-8"?>
<!-- Generated by org.testng.reporters.JUnitReportReporter -->
<testsuite skipped="0" hostname="MUGIL" name="org.pack3.Company" tests="3" failures="0" timestamp="03 May 2021 17:18:24 GMT" time="0.015" errors="0">
  <testcase name="tc0" time="0.015" classname="org.pack3.Company"/>
  <testcase name="tc1" time="0.000" classname="org.pack3.Company"/>
  <testcase name="tc2" time="0.000" classname="org.pack3.Company"/>
</testsuite> <!-- org.pack3.Company -->
