<?xml version="1.0" encoding="UTF-8"?>
<!-- Generated by org.testng.reporters.JUnitReportReporter -->
<testsuite skipped="1" hostname="MUGIL" name="org.pack2.SamplePriority" tests="6" failures="0" timestamp="29 Apr 2021 13:47:49 GMT" time="0.031" errors="0">
  <testcase name="tc4" time="0.016" classname="org.pack2.SamplePriority"/>
  <testcase name="tc5" time="0.000" classname="org.pack2.SamplePriority"/>
  <testcase name="tc0" time="0.000" classname="org.pack2.SamplePriority"/>
  <testcase name="tc3" time="0.015" classname="org.pack2.SamplePriority"/>
  <testcase name="tc1" time="0.000" classname="org.pack2.SamplePriority"/>
  <testcase name="tc2" classname="org.pack2.SamplePriority">
    <skipped/>
  </testcase> <!-- tc2 -->
</testsuite> <!-- org.pack2.SamplePriority -->
